2025-10-30 19:01:15,629 - boty.connectors - ERROR - Error fetching balance: binance {"code":-2014,"msg":"API-key format invalid."}
2025-10-30 19:01:15,786 - ccxt.base.exchange - WARNING - binance requires to release all resources with an explicit call to the .close() coroutine. If you are using the exchange instance with async coroutines, add `await exchange.close()` to your code into a place when you're done with the exchange and don't need the exchange instance anymore (at the end of your async coroutine).
2025-10-30 19:01:15,787 - asyncio - ERROR - Unclosed connector
connections: ['deque([(<aiohttp.client_proto.ResponseHandler object at 0x7994ef9d0c90>, 102888.283078651), (<aiohttp.client_proto.ResponseHandler object at 0x7994ef9d0d70>, 102888.30005734)])', 'deque([(<aiohttp.client_proto.ResponseHandler object at 0x7994ef9d06e0>, 102889.475568034)])']
connector: <aiohttp.connector.TCPConnector object at 0x7994fc313590>
2025-10-30 19:04:36,901 - boty.connectors - WARNING - Attempted to fetch balance without valid API keys; returning empty balance
2025-10-30 19:04:37,213 - ccxt.base.exchange - WARNING - binance requires to release all resources with an explicit call to the .close() coroutine. If you are using the exchange instance with async coroutines, add `await exchange.close()` to your code into a place when you're done with the exchange and don't need the exchange instance anymore (at the end of your async coroutine).
2025-10-30 19:04:37,217 - asyncio - ERROR - Unclosed client session
client_session: <aiohttp.client.ClientSession object at 0x7f2beed7cf90>
2025-10-30 19:04:37,218 - asyncio - ERROR - Unclosed connector
connections: ['deque([(<aiohttp.client_proto.ResponseHandler object at 0x7f2bddbb0de0>, 103089.30195469), (<aiohttp.client_proto.ResponseHandler object at 0x7f2bddbb0ec0>, 103089.318836651)])', 'deque([(<aiohttp.client_proto.ResponseHandler object at 0x7f2bddbb0980>, 103091.053586712)])']
connector: <aiohttp.connector.TCPConnector object at 0x7f2beed65c90>
2025-10-30 19:04:39,184 - ccxt.base.exchange - WARNING - binance requires to release all resources with an explicit call to the .close() coroutine. If you are using the exchange instance with async coroutines, add `await exchange.close()` to your code into a place when you're done with the exchange and don't need the exchange instance anymore (at the end of your async coroutine).
2025-10-30 19:04:39,188 - asyncio - ERROR - Unclosed client session
client_session: <aiohttp.client.ClientSession object at 0x7f2beee0a150>
2025-10-30 19:04:39,188 - asyncio - ERROR - Unclosed connector
connections: ['deque([(<aiohttp.client_proto.ResponseHandler object at 0x7f2bddbb0e50>, 103091.667515169), (<aiohttp.client_proto.ResponseHandler object at 0x7f2bddbb1390>, 103091.703983993)])', 'deque([(<aiohttp.client_proto.ResponseHandler object at 0x7f2bddbb0050>, 103093.020524558)])']
connector: <aiohttp.connector.TCPConnector object at 0x7f2bea552310>
2025-10-30 19:05:06,049 - boty.connectors - WARNING - Attempted to fetch balance without valid API keys; returning empty balance
2025-10-30 19:05:06,369 - ccxt.base.exchange - WARNING - binance requires to release all resources with an explicit call to the .close() coroutine. If you are using the exchange instance with async coroutines, add `await exchange.close()` to your code into a place when you're done with the exchange and don't need the exchange instance anymore (at the end of your async coroutine).
2025-10-30 19:05:06,376 - asyncio - ERROR - Unclosed client session
client_session: <aiohttp.client.ClientSession object at 0x72c1ed35bf10>
2025-10-30 19:05:06,380 - asyncio - ERROR - Unclosed connector
connections: ['deque([(<aiohttp.client_proto.ResponseHandler object at 0x72c1ec7dcd00>, 103117.575047804), (<aiohttp.client_proto.ResponseHandler object at 0x72c1ec7dcde0>, 103117.597352663)])', 'deque([(<aiohttp.client_proto.ResponseHandler object at 0x72c1ec7dcad0>, 103120.210525689)])']
connector: <aiohttp.connector.TCPConnector object at 0x72c1ee68e750>
2025-10-30 19:05:08,555 - ccxt.base.exchange - WARNING - binance requires to release all resources with an explicit call to the .close() coroutine. If you are using the exchange instance with async coroutines, add `await exchange.close()` to your code into a place when you're done with the exchange and don't need the exchange instance anymore (at the end of your async coroutine).
2025-10-30 19:05:08,560 - asyncio - ERROR - Unclosed client session
client_session: <aiohttp.client.ClientSession object at 0x72c1ea38b8d0>
2025-10-30 19:05:08,561 - asyncio - ERROR - Unclosed connector
connections: ['deque([(<aiohttp.client_proto.ResponseHandler object at 0x72c1ec7dcc20>, 103120.883916639), (<aiohttp.client_proto.ResponseHandler object at 0x72c1ec7dd390>, 103120.970322162)])', 'deque([(<aiohttp.client_proto.ResponseHandler object at 0x72c1ec7dcad0>, 103122.39109039)])']
connector: <aiohttp.connector.TCPConnector object at 0x72c1fbf1ef50>
2025-10-30 19:05:08,572 - boty.strategies - INFO - Trade approved: $1000.00 (0.023810 units)
2025-10-30 19:05:45,331 - boty.connectors - WARNING - Attempted to fetch balance without valid API keys; returning empty balance
2025-10-30 19:05:45,637 - ccxt.base.exchange - WARNING - binance requires to release all resources with an explicit call to the .close() coroutine. If you are using the exchange instance with async coroutines, add `await exchange.close()` to your code into a place when you're done with the exchange and don't need the exchange instance anymore (at the end of your async coroutine).
2025-10-30 19:05:45,641 - asyncio - ERROR - Unclosed client session
client_session: <aiohttp.client.ClientSession object at 0x7c05592c3c50>
2025-10-30 19:05:45,641 - asyncio - ERROR - Unclosed connector
connections: ['deque([(<aiohttp.client_proto.ResponseHandler object at 0x7c055871cec0>, 103157.261370706), (<aiohttp.client_proto.ResponseHandler object at 0x7c055871cfa0>, 103157.347855176)])', 'deque([(<aiohttp.client_proto.ResponseHandler object at 0x7c055871ca60>, 103159.480895851)])']
connector: <aiohttp.connector.TCPConnector object at 0x7c0569bfe350>
2025-10-30 19:05:47,328 - ccxt.base.exchange - WARNING - binance requires to release all resources with an explicit call to the .close() coroutine. If you are using the exchange instance with async coroutines, add `await exchange.close()` to your code into a place when you're done with the exchange and don't need the exchange instance anymore (at the end of your async coroutine).
2025-10-30 19:05:47,332 - asyncio - ERROR - Unclosed client session
client_session: <aiohttp.client.ClientSession object at 0x7c055663fa90>
2025-10-30 19:05:47,332 - asyncio - ERROR - Unclosed connector
connections: ['deque([(<aiohttp.client_proto.ResponseHandler object at 0x7c055871d400>, 103160.160869485), (<aiohttp.client_proto.ResponseHandler object at 0x7c055871d2b0>, 103160.188896661)])', 'deque([(<aiohttp.client_proto.ResponseHandler object at 0x7c055871cfa0>, 103161.164294811)])']
connector: <aiohttp.connector.TCPConnector object at 0x7c055a188150>
2025-10-30 19:05:47,342 - boty.strategies - INFO - Trade approved: $1000.00 (0.023810 units)
2025-10-30 19:05:47,452 - boty.core - INFO - Logged decision: HOLD - TEST
2025-10-30 19:07:17,935 - boty.connectors - WARNING - Attempted to fetch balance without valid API keys; returning empty balance
2025-10-30 19:07:20,628 - boty.strategies - INFO - Trade approved: $1000.00 (0.023810 units)
2025-10-30 19:07:20,836 - boty.core - INFO - Logged decision: HOLD - TEST
